--------------------------------------------------------------------------------
Release 14.7 Trace  (nt64)
Copyright (c) 1995-2013 Xilinx, Inc.  All rights reserved.

C:\Xilinx\14.7\ISE_DS\ISE\bin\nt64\unwrapped\trce.exe -intstyle ise -v 3 -s 4
-n 3 -fastpaths -xml PRELABTRIAL2.twx PRELABTRIAL2.ncd -o PRELABTRIAL2.twr
PRELABTRIAL2.pcf

Design file:              PRELABTRIAL2.ncd
Physical constraint file: PRELABTRIAL2.pcf
Device,package,speed:     xc3s1000,ft256,-4 (PRODUCTION 1.39 2013-10-13)
Report level:             verbose report

Environment Variable      Effect 
--------------------      ------ 
NONE                      No environment variables were set
--------------------------------------------------------------------------------

INFO:Timing:2698 - No timing constraints found, doing default enumeration.
INFO:Timing:3412 - To improve timing, see the Timing Closure User Guide (UG612).
INFO:Timing:2752 - To get complete path coverage, use the unconstrained paths 
   option. All paths that are not constrained will be reported in the 
   unconstrained paths section(s) of the report.
INFO:Timing:3339 - The clock-to-out numbers in this timing report are based on 
   a 50 Ohm transmission line loading model.  For the details of this model, 
   and for more information on accounting for different loading conditions, 
   please see the device datasheet.
INFO:Timing:3390 - This architecture does not support a default System Jitter 
   value, please add SYSTEM_JITTER constraint to the UCF to modify the Clock 
   Uncertainty calculation.
INFO:Timing:3389 - This architecture does not support 'Discrete Jitter' and 
   'Phase Error' calculations, these terms will be zero in the Clock 
   Uncertainty calculation.  Please make appropriate modification to 
   SYSTEM_JITTER to account for the unsupported Discrete Jitter and Phase 
   Error.



Data Sheet report:
-----------------
All values displayed in nanoseconds (ns)

Pad to Pad
---------------+---------------+---------+
Source Pad     |Destination Pad|  Delay  |
---------------+---------------+---------+
A0             |QQ0            |    6.658|
A0             |QQ1            |    8.048|
A0             |QQ2            |    7.937|
A0             |QQ3            |    7.802|
A0             |QQ4            |    8.176|
A1             |QQ1            |    7.160|
A1             |QQ2            |    7.697|
A1             |QQ3            |    7.952|
A1             |QQ4            |    7.952|
A2             |QQ2            |    7.504|
A2             |QQ3            |    7.711|
A2             |QQ4            |    7.711|
A3             |QQ2            |    7.863|
A3             |QQ3            |    7.535|
A3             |QQ4            |    7.535|
---------------+---------------+---------+


Analysis completed Sun Sep 20 19:21:46 2015 
--------------------------------------------------------------------------------

Trace Settings:
-------------------------
Trace Settings 

Peak Memory Usage: 153 MB



