Release 14.7 - xst P.20131013 (nt64)
Copyright (c) 1995-2013 Xilinx, Inc.  All rights reserved.
--> Parameter TMPDIR set to xst/projnav.tmp


Total REAL time to Xst completion: 0.00 secs
Total CPU time to Xst completion: 0.09 secs
 
--> Parameter xsthdpdir set to xst


Total REAL time to Xst completion: 0.00 secs
Total CPU time to Xst completion: 0.09 secs
 
--> Reading design: PRELABTRIAL2.prj

TABLE OF CONTENTS
  1) Synthesis Options Summary
  2) HDL Compilation
  3) Design Hierarchy Analysis
  4) HDL Analysis
  5) HDL Synthesis
     5.1) HDL Synthesis Report
  6) Advanced HDL Synthesis
     6.1) Advanced HDL Synthesis Report
  7) Low Level Synthesis
  8) Partition Report
  9) Final Report
	9.1) Device utilization summary
	9.2) Partition Resource Summary
	9.3) TIMING REPORT


=========================================================================
*                      Synthesis Options Summary                        *
=========================================================================
---- Source Parameters
Input File Name                    : "PRELABTRIAL2.prj"
Input Format                       : mixed
Ignore Synthesis Constraint File   : NO

---- Target Parameters
Output File Name                   : "PRELABTRIAL2"
Output Format                      : NGC
Target Device                      : xc3s1000-4-ft256

---- Source Options
Top Module Name                    : PRELABTRIAL2
Automatic FSM Extraction           : YES
FSM Encoding Algorithm             : Auto
Safe Implementation                : No
FSM Style                          : LUT
RAM Extraction                     : Yes
RAM Style                          : Auto
ROM Extraction                     : Yes
Mux Style                          : Auto
Decoder Extraction                 : YES
Priority Encoder Extraction        : Yes
Shift Register Extraction          : YES
Logical Shifter Extraction         : YES
XOR Collapsing                     : YES
ROM Style                          : Auto
Mux Extraction                     : Yes
Resource Sharing                   : YES
Asynchronous To Synchronous        : NO
Multiplier Style                   : Auto
Automatic Register Balancing       : No

---- Target Options
Add IO Buffers                     : YES
Global Maximum Fanout              : 100000
Add Generic Clock Buffer(BUFG)     : 8
Register Duplication               : YES
Slice Packing                      : YES
Optimize Instantiated Primitives   : NO
Use Clock Enable                   : Yes
Use Synchronous Set                : Yes
Use Synchronous Reset              : Yes
Pack IO Registers into IOBs        : Auto
Equivalent register Removal        : YES

---- General Options
Optimization Goal                  : Speed
Optimization Effort                : 1
Keep Hierarchy                     : No
Netlist Hierarchy                  : As_Optimized
RTL Output                         : Yes
Global Optimization                : AllClockNets
Read Cores                         : YES
Write Timing Constraints           : NO
Cross Clock Analysis               : NO
Hierarchy Separator                : /
Bus Delimiter                      : <>
Case Specifier                     : Maintain
Slice Utilization Ratio            : 100
BRAM Utilization Ratio             : 100
Verilog 2001                       : YES
Auto BRAM Packing                  : NO
Slice Utilization Ratio Delta      : 5

=========================================================================


=========================================================================
*                          HDL Compilation                              *
=========================================================================
Compiling verilog file "Q4.vf" in library work
Module <M2_1E_MXILINX_Q4> compiled
Module <M8_1E_MXILINX_Q4> compiled
Compiling verilog file "Q3.vf" in library work
Module <Q4> compiled
Module <M2_1E_MXILINX_Q3> compiled
Module <M8_1E_MXILINX_Q3> compiled
Compiling verilog file "q2.vf" in library work
Module <Q3> compiled
Module <M2_1E_MXILINX_q2> compiled
Module <M4_1E_MXILINX_q2> compiled
Compiling verilog file "q1.vf" in library work
Module <q2> compiled
Module <M2_1_MXILINX_q1> compiled
Compiling verilog file "Lab03_dwe.vf" in library work
Module <q1> compiled
Module <M2_1_MXILINX_Lab03_dwe> compiled
Compiling verilog file "PRELABTRIAL2.vf" in library work
Module <Lab03_dwe> compiled
Module <M2_1_MXILINX_PRELABTRIAL2> compiled
Module <Lab03_dwe_MUSER_PRELABTRIAL2> compiled
Module <M2_1E_MXILINX_PRELABTRIAL2> compiled
Module <M8_1E_MXILINX_PRELABTRIAL2> compiled
Module <Q4_MUSER_PRELABTRIAL2> compiled
Module <Q3_MUSER_PRELABTRIAL2> compiled
Module <M4_1E_MXILINX_PRELABTRIAL2> compiled
Module <q2_MUSER_PRELABTRIAL2> compiled
Module <q1_MUSER_PRELABTRIAL2> compiled
Module <PRELABTRIAL2> compiled
No errors in compilation
Analysis of file <"PRELABTRIAL2.prj"> succeeded.
 

=========================================================================
*                     Design Hierarchy Analysis                         *
=========================================================================
Analyzing hierarchy for module <PRELABTRIAL2> in library <work>.

Analyzing hierarchy for module <q1_MUSER_PRELABTRIAL2> in library <work>.

Analyzing hierarchy for module <q2_MUSER_PRELABTRIAL2> in library <work>.

Analyzing hierarchy for module <Q3_MUSER_PRELABTRIAL2> in library <work>.

Analyzing hierarchy for module <Q4_MUSER_PRELABTRIAL2> in library <work>.

Analyzing hierarchy for module <Lab03_dwe_MUSER_PRELABTRIAL2> in library <work>.

Analyzing hierarchy for module <M2_1_MXILINX_PRELABTRIAL2> in library <work>.

Analyzing hierarchy for module <M4_1E_MXILINX_PRELABTRIAL2> in library <work>.

Analyzing hierarchy for module <M8_1E_MXILINX_PRELABTRIAL2> in library <work>.

Analyzing hierarchy for module <M8_1E_MXILINX_PRELABTRIAL2> in library <work>.

Analyzing hierarchy for module <M2_1_MXILINX_PRELABTRIAL2> in library <work>.

Analyzing hierarchy for module <M2_1E_MXILINX_PRELABTRIAL2> in library <work>.

Analyzing hierarchy for module <M2_1E_MXILINX_PRELABTRIAL2> in library <work>.

Analyzing hierarchy for module <M2_1E_MXILINX_PRELABTRIAL2> in library <work>.

Analyzing hierarchy for module <M2_1E_MXILINX_PRELABTRIAL2> in library <work>.

Analyzing hierarchy for module <M2_1E_MXILINX_PRELABTRIAL2> in library <work>.

Analyzing hierarchy for module <M2_1E_MXILINX_PRELABTRIAL2> in library <work>.


=========================================================================
*                            HDL Analysis                               *
=========================================================================
Analyzing top module <PRELABTRIAL2>.
Module <PRELABTRIAL2> is correct for synthesis.
 
Analyzing module <q1_MUSER_PRELABTRIAL2> in library <work>.
Module <q1_MUSER_PRELABTRIAL2> is correct for synthesis.
 
    Set user-defined property "HU_SET =  XLXI_1_10" for instance <XLXI_1> in unit <q1_MUSER_PRELABTRIAL2>.
Analyzing module <M2_1_MXILINX_PRELABTRIAL2.1> in library <work>.
Module <M2_1_MXILINX_PRELABTRIAL2.1> is correct for synthesis.
 
Analyzing module <q2_MUSER_PRELABTRIAL2> in library <work>.
Module <q2_MUSER_PRELABTRIAL2> is correct for synthesis.
 
    Set user-defined property "HU_SET =  XLXI_1_9" for instance <XLXI_1> in unit <q2_MUSER_PRELABTRIAL2>.
Analyzing module <M4_1E_MXILINX_PRELABTRIAL2> in library <work>.
Module <M4_1E_MXILINX_PRELABTRIAL2> is correct for synthesis.
 
    Set user-defined property "HU_SET =  I_M01_8" for instance <I_M01> in unit <M4_1E_MXILINX_PRELABTRIAL2>.
    Set user-defined property "HU_SET =  I_M23_7" for instance <I_M23> in unit <M4_1E_MXILINX_PRELABTRIAL2>.
Analyzing module <M2_1E_MXILINX_PRELABTRIAL2.1> in library <work>.
Module <M2_1E_MXILINX_PRELABTRIAL2.1> is correct for synthesis.
 
Analyzing module <M2_1E_MXILINX_PRELABTRIAL2.2> in library <work>.
Module <M2_1E_MXILINX_PRELABTRIAL2.2> is correct for synthesis.
 
Analyzing module <Q3_MUSER_PRELABTRIAL2> in library <work>.
Module <Q3_MUSER_PRELABTRIAL2> is correct for synthesis.
 
    Set user-defined property "HU_SET =  XLXI_1_6" for instance <XLXI_1> in unit <Q3_MUSER_PRELABTRIAL2>.
Analyzing module <M8_1E_MXILINX_PRELABTRIAL2.1> in library <work>.
Module <M8_1E_MXILINX_PRELABTRIAL2.1> is correct for synthesis.
 
    Set user-defined property "HU_SET =  I_M01_4" for instance <I_M01> in unit <M8_1E_MXILINX_PRELABTRIAL2.1>.
    Set user-defined property "HU_SET =  I_M23_3" for instance <I_M23> in unit <M8_1E_MXILINX_PRELABTRIAL2.1>.
    Set user-defined property "HU_SET =  I_M45_2" for instance <I_M45> in unit <M8_1E_MXILINX_PRELABTRIAL2.1>.
    Set user-defined property "HU_SET =  I_M67_1" for instance <I_M67> in unit <M8_1E_MXILINX_PRELABTRIAL2.1>.
Analyzing module <M2_1E_MXILINX_PRELABTRIAL2.3> in library <work>.
Module <M2_1E_MXILINX_PRELABTRIAL2.3> is correct for synthesis.
 
Analyzing module <M2_1E_MXILINX_PRELABTRIAL2.4> in library <work>.
Module <M2_1E_MXILINX_PRELABTRIAL2.4> is correct for synthesis.
 
Analyzing module <M2_1E_MXILINX_PRELABTRIAL2.5> in library <work>.
Module <M2_1E_MXILINX_PRELABTRIAL2.5> is correct for synthesis.
 
Analyzing module <M2_1E_MXILINX_PRELABTRIAL2.6> in library <work>.
Module <M2_1E_MXILINX_PRELABTRIAL2.6> is correct for synthesis.
 
Analyzing module <Q4_MUSER_PRELABTRIAL2> in library <work>.
Module <Q4_MUSER_PRELABTRIAL2> is correct for synthesis.
 
    Set user-defined property "HU_SET =  XLXI_1_5" for instance <XLXI_1> in unit <Q4_MUSER_PRELABTRIAL2>.
Analyzing module <M8_1E_MXILINX_PRELABTRIAL2.2> in library <work>.
Module <M8_1E_MXILINX_PRELABTRIAL2.2> is correct for synthesis.
 
    Set user-defined property "HU_SET =  I_M01_4" for instance <I_M01> in unit <M8_1E_MXILINX_PRELABTRIAL2.2>.
    Set user-defined property "HU_SET =  I_M23_3" for instance <I_M23> in unit <M8_1E_MXILINX_PRELABTRIAL2.2>.
    Set user-defined property "HU_SET =  I_M45_2" for instance <I_M45> in unit <M8_1E_MXILINX_PRELABTRIAL2.2>.
    Set user-defined property "HU_SET =  I_M67_1" for instance <I_M67> in unit <M8_1E_MXILINX_PRELABTRIAL2.2>.
Analyzing module <Lab03_dwe_MUSER_PRELABTRIAL2> in library <work>.
Module <Lab03_dwe_MUSER_PRELABTRIAL2> is correct for synthesis.
 
    Set user-defined property "HU_SET =  XLXI_1_0" for instance <XLXI_1> in unit <Lab03_dwe_MUSER_PRELABTRIAL2>.
Analyzing module <M2_1_MXILINX_PRELABTRIAL2.2> in library <work>.
Module <M2_1_MXILINX_PRELABTRIAL2.2> is correct for synthesis.
 

=========================================================================
*                           HDL Synthesis                               *
=========================================================================

Performing bidirectional port resolution...

Synthesizing Unit <M2_1_MXILINX_PRELABTRIAL2_1>.
    Related source file is "PRELABTRIAL2.vf".
Unit <M2_1_MXILINX_PRELABTRIAL2_1> synthesized.


Synthesizing Unit <M2_1E_MXILINX_PRELABTRIAL2_1>.
    Related source file is "PRELABTRIAL2.vf".
Unit <M2_1E_MXILINX_PRELABTRIAL2_1> synthesized.


Synthesizing Unit <M2_1E_MXILINX_PRELABTRIAL2_2>.
    Related source file is "PRELABTRIAL2.vf".
Unit <M2_1E_MXILINX_PRELABTRIAL2_2> synthesized.


Synthesizing Unit <M2_1E_MXILINX_PRELABTRIAL2_3>.
    Related source file is "PRELABTRIAL2.vf".
Unit <M2_1E_MXILINX_PRELABTRIAL2_3> synthesized.


Synthesizing Unit <M2_1E_MXILINX_PRELABTRIAL2_4>.
    Related source file is "PRELABTRIAL2.vf".
Unit <M2_1E_MXILINX_PRELABTRIAL2_4> synthesized.


Synthesizing Unit <M2_1E_MXILINX_PRELABTRIAL2_5>.
    Related source file is "PRELABTRIAL2.vf".
Unit <M2_1E_MXILINX_PRELABTRIAL2_5> synthesized.


Synthesizing Unit <M2_1E_MXILINX_PRELABTRIAL2_6>.
    Related source file is "PRELABTRIAL2.vf".
Unit <M2_1E_MXILINX_PRELABTRIAL2_6> synthesized.


Synthesizing Unit <M2_1_MXILINX_PRELABTRIAL2_2>.
    Related source file is "PRELABTRIAL2.vf".
Unit <M2_1_MXILINX_PRELABTRIAL2_2> synthesized.


Synthesizing Unit <q1_MUSER_PRELABTRIAL2>.
    Related source file is "PRELABTRIAL2.vf".
Unit <q1_MUSER_PRELABTRIAL2> synthesized.


Synthesizing Unit <Lab03_dwe_MUSER_PRELABTRIAL2>.
    Related source file is "PRELABTRIAL2.vf".
Unit <Lab03_dwe_MUSER_PRELABTRIAL2> synthesized.


Synthesizing Unit <M4_1E_MXILINX_PRELABTRIAL2>.
    Related source file is "PRELABTRIAL2.vf".
Unit <M4_1E_MXILINX_PRELABTRIAL2> synthesized.


Synthesizing Unit <M8_1E_MXILINX_PRELABTRIAL2_1>.
    Related source file is "PRELABTRIAL2.vf".
Unit <M8_1E_MXILINX_PRELABTRIAL2_1> synthesized.


Synthesizing Unit <M8_1E_MXILINX_PRELABTRIAL2_2>.
    Related source file is "PRELABTRIAL2.vf".
Unit <M8_1E_MXILINX_PRELABTRIAL2_2> synthesized.


Synthesizing Unit <q2_MUSER_PRELABTRIAL2>.
    Related source file is "PRELABTRIAL2.vf".
Unit <q2_MUSER_PRELABTRIAL2> synthesized.


Synthesizing Unit <Q3_MUSER_PRELABTRIAL2>.
    Related source file is "PRELABTRIAL2.vf".
Unit <Q3_MUSER_PRELABTRIAL2> synthesized.


Synthesizing Unit <Q4_MUSER_PRELABTRIAL2>.
    Related source file is "PRELABTRIAL2.vf".
Unit <Q4_MUSER_PRELABTRIAL2> synthesized.


Synthesizing Unit <PRELABTRIAL2>.
    Related source file is "PRELABTRIAL2.vf".
Unit <PRELABTRIAL2> synthesized.


=========================================================================
HDL Synthesis Report

Found no macro
=========================================================================

=========================================================================
*                       Advanced HDL Synthesis                          *
=========================================================================


=========================================================================
Advanced HDL Synthesis Report

Found no macro
=========================================================================

=========================================================================
*                         Low Level Synthesis                           *
=========================================================================

Optimizing unit <PRELABTRIAL2> ...

Optimizing unit <M2_1_MXILINX_PRELABTRIAL2_1> ...

Optimizing unit <M2_1E_MXILINX_PRELABTRIAL2_1> ...

Optimizing unit <M2_1E_MXILINX_PRELABTRIAL2_2> ...

Optimizing unit <M2_1E_MXILINX_PRELABTRIAL2_3> ...

Optimizing unit <M2_1E_MXILINX_PRELABTRIAL2_4> ...

Optimizing unit <M2_1E_MXILINX_PRELABTRIAL2_5> ...

Optimizing unit <M2_1E_MXILINX_PRELABTRIAL2_6> ...

Optimizing unit <M2_1_MXILINX_PRELABTRIAL2_2> ...

Optimizing unit <M4_1E_MXILINX_PRELABTRIAL2> ...

Optimizing unit <M8_1E_MXILINX_PRELABTRIAL2_1> ...

Optimizing unit <M8_1E_MXILINX_PRELABTRIAL2_2> ...

Mapping all equations...
Building and optimizing final netlist ...
Found area constraint ratio of 100 (+ 5) on block PRELABTRIAL2, actual ratio is 0.

Final Macro Processing ...

=========================================================================
Final Register Report

Found no macro
=========================================================================

=========================================================================
*                           Partition Report                            *
=========================================================================

Partition Implementation Status
-------------------------------

  No Partitions were found in this design.

-------------------------------

=========================================================================
*                            Final Report                               *
=========================================================================
Final Results
RTL Top Level Output File Name     : PRELABTRIAL2.ngr
Top Level Output File Name         : PRELABTRIAL2
Output Format                      : NGC
Optimization Goal                  : Speed
Keep Hierarchy                     : No

Design Statistics
# IOs                              : 9

Cell Usage :
# BELS                             : 50
#      AND2                        : 4
#      AND2B1                      : 2
#      AND3                        : 10
#      AND3B1                      : 10
#      GND                         : 1
#      INV                         : 2
#      MUXF5                       : 1
#      MUXF5_L                     : 4
#      MUXF6                       : 2
#      OR2                         : 12
#      VCC                         : 1
#      XOR2                        : 1
# IO Buffers                       : 9
#      IBUF                        : 4
#      OBUF                        : 5
=========================================================================

Device utilization summary:
---------------------------

Selected Device : 3s1000ft256-4 

 Number of Slices:                        1  out of   7680     0%  
 Number of 4 input LUTs:                  2  out of  15360     0%  
 Number of IOs:                           9
 Number of bonded IOBs:                   9  out of    173     5%  

---------------------------
Partition Resource Summary:
---------------------------

  No Partitions were found in this design.

---------------------------


=========================================================================
TIMING REPORT

NOTE: THESE TIMING NUMBERS ARE ONLY A SYNTHESIS ESTIMATE.
      FOR ACCURATE TIMING INFORMATION PLEASE REFER TO THE TRACE REPORT
      GENERATED AFTER PLACE-and-ROUTE.

Clock Information:
------------------
No clock signals found in this design

Asynchronous Control Signals Information:
----------------------------------------
No asynchronous control signals found in this design

Timing Summary:
---------------
Speed Grade: -4

   Minimum period: No path found
   Minimum input arrival time before clock: No path found
   Maximum output required time after clock: No path found
   Maximum combinational path delay: 12.426ns

Timing Detail:
--------------
All values displayed in nanoseconds (ns)

=========================================================================
Timing constraint: Default path analysis
  Total number of paths / destination ports: 44 / 5
-------------------------------------------------------------------------
Delay:               12.426ns (Levels of Logic = 8)
  Source:            A1 (PAD)
  Destination:       QQ2 (PAD)

  Data Path: A1 to QQ2
                                Gate     Net
    Cell:in->out      fanout   Delay   Delay  Logical Name (Net Name)
    ----------------------------------------  ------------
     IBUF:I->O            20   0.821   1.545  A1_IBUF (A1_IBUF)
     XOR2:I1->O            1   0.551   0.801  XLXI_3/XLXI_5 (XLXI_3/XLXN_7)
     begin scope: 'XLXI_3/XLXI_1'
     begin scope: 'I_M23'
     AND3:I0->O            1   0.551   0.801  I_36_30 (M1)
     OR2:I0->O             1   0.551   0.000  I_36_38 (O)
     end scope: 'I_M23'
     MUXF5:I1->O           1   0.360   0.801  I_O (O)
     end scope: 'XLXI_3/XLXI_1'
     OBUF:I->O                 5.644          QQ2_OBUF (QQ2)
    ----------------------------------------
    Total                     12.426ns (8.478ns logic, 3.948ns route)
                                       (68.2% logic, 31.8% route)

=========================================================================


Total REAL time to Xst completion: 4.00 secs
Total CPU time to Xst completion: 4.17 secs
 
--> 

Total memory usage is 257580 kilobytes

Number of errors   :    0 (   0 filtered)
Number of warnings :    0 (   0 filtered)
Number of infos    :    0 (   0 filtered)

