ISim log file
Running: C:\Users\schmette\Desktop\lab05_dwe\countertest_isim_beh.exe -intstyle ise -gui -tclbatch isim.cmd -wdb C:/Users/schmette/Desktop/lab05_dwe/countertest_isim_beh.wdb 
ISim P.20131013 (signature 0x7708f090)
WARNING: A WEBPACK license was found.
WARNING: Please use Xilinx License Configuration Manager to check out a full ISim license.
WARNING: ISim will run in Lite mode. Please refer to the ISim documentation for more information on the differences between the Lite and the Full version.
This is a Lite version of ISim.
Time resolution is 1 ps
# onerror resume
# wave add /
# run 1000 ns
Simulator is doing circuit initialization process.
Finished circuit initialization process.
0b   0000     0x0      0
0b   1000     0x8      8
0b   1001     0x9      9
0b   1010     0xa     10
0b   1011     0xb     11
0b   1100     0xc     12
0b   1101     0xd     13
0b   1110     0xe     14
0b   1111     0xf     15
0b   0111     0x7      7
# run 1.00us
0b   0110     0x6      6
0b   0101     0x5      5
0b   0100     0x4      4
0b   0011     0x3      3
0b   0010     0x2      2
0b   0001     0x1      1
0b   0000     0x0      0
0b   1000     0x8      8
0b   1001     0x9      9
0b   1010     0xa     10
# run 1.00us
0b   1011     0xb     11
0b   1100     0xc     12
0b   1101     0xd     13
0b   1110     0xe     14
0b   1111     0xf     15
0b   0111     0x7      7
0b   0110     0x6      6
0b   0101     0x5      5
0b   0100     0x4      4
0b   0011     0x3      3
# run 1.00us
0b   0010     0x2      2
0b   0001     0x1      1
0b   0000     0x0      0
0b   1000     0x8      8
0b   1001     0x9      9
0b   1010     0xa     10
0b   1011     0xb     11
0b   1100     0xc     12
0b   1101     0xd     13
0b   1110     0xe     14
# run 1.00us
0b   1111     0xf     15
0b   0111     0x7      7
0b   0110     0x6      6
0b   0101     0x5      5
0b   0100     0x4      4
0b   0011     0x3      3
0b   0010     0x2      2
0b   0001     0x1      1
0b   0000     0x0      0
0b   1000     0x8      8
