INFO:sim:172 - Generating IP...
Resolving generics for 'imem'...
Applying external generics to 'imem'...
Delivering associated files for 'imem'...
Delivering EJava files for 'imem'...
Generating implementation netlist for 'imem'...
INFO:sim - Pre-processing HDL files for 'imem'...
Running synthesis for 'imem'
Running ngcbuild...
Writing VEO instantiation template for 'imem'...
Writing Verilog behavioral simulation model for 'imem'...
WARNING:sim - Overwriting existing file
   C:/Users/bowditcw/Desktop/lab11_8pm/ipcore_dir/tmp/_cg/imem/doc/dist_mem_gen_
   v7_2_vinfo.html with file from view xilinx_documentation
Delivered 2 files into directory
C:/Users/bowditcw/Desktop/lab11_8pm/ipcore_dir/tmp/_cg/imem
Generating ASY schematic symbol...
INFO:sim:949 - Finished generation of ASY schematic symbol.
Generating SYM schematic symbol for 'imem'...
Generating metadata file...
Regenerating ISE project file for 'imem'...
Generating ISE project...
XCO file found: imem.xco
XMDF file found: imem_xmdf.tcl
Adding C:/Users/bowditcw/Desktop/lab11_8pm/ipcore_dir/tmp/_cg/imem.asy -view all
-origin_type imported
Adding C:/Users/bowditcw/Desktop/lab11_8pm/ipcore_dir/tmp/_cg/imem.ngc -view all
-origin_type created
Checking file "C:/Users/bowditcw/Desktop/lab11_8pm/ipcore_dir/tmp/_cg/imem.ngc"
for project device match ...
File "C:/Users/bowditcw/Desktop/lab11_8pm/ipcore_dir/tmp/_cg/imem.ngc" device
information matches project device.
Adding C:/Users/bowditcw/Desktop/lab11_8pm/ipcore_dir/tmp/_cg/imem.sym -view all
-origin_type imported
Adding C:/Users/bowditcw/Desktop/lab11_8pm/ipcore_dir/tmp/_cg/imem.v -view all
-origin_type created
INFO:HDLCompiler:1845 - Analyzing Verilog file
   "C:/Users/bowditcw/Desktop/lab11_8pm/ipcore_dir/tmp/_cg/imem.v" into library
   work
INFO:ProjectMgmt - Parsing design hierarchy completed successfully.
Adding C:/Users/bowditcw/Desktop/lab11_8pm/ipcore_dir/tmp/_cg/imem.veo -view all
-origin_type imported
INFO:TclTasksC:2116 - The automatic calculation of top has been turned-off.
   Please set the new top explicitly by running the "project set top" command.
   To re-calculate the new top automatically, set the "Auto Implementation Top"
   property to true.
Top level has been set to "/imem"
Generating README file...
Generating FLIST file...
INFO:sim:948 - Finished FLIST file generation.
Launching README viewer...
Moving files to output directory...
Finished moving files to output directory
Wrote CGP file for project 'imem'.
